C51 COMPILER V9.01   UART                                                                  09/02/2018 00:00:06 PAGE 1   


C51 COMPILER V9.01, COMPILATION OF MODULE UART
OBJECT MODULE PLACED IN UART.OBJ
COMPILER INVOKED BY: D:\keil c\C51\BIN\C51.EXE UART.c BROWSE DEBUG OBJECTEXTEND

line level    source

   1           #include <main.h>
   2           #include "..\library\delay.h"
   3           void UART_mode0_write(unsigned char a)
   4           {
   5   1          SBUF = a;
   6   1          while(TI==0);
   7   1          TI = 0;
   8   1          P3_2 = 0;
   9   1          P3_2 = 1;
  10   1       }
  11          
  12           void main()
  13           {
  14   1         SM0 = SM1 = 0;
  15   1         UART_mode0_write(0x04);
  16   1         while(1)
  17   1         {
  18   2           delay(1);
  19   2         }
  20   1       }


MODULE INFORMATION:   STATIC OVERLAYABLE
   CODE SIZE        =     30    ----
   CONSTANT SIZE    =   ----    ----
   XDATA SIZE       =   ----    ----
   PDATA SIZE       =   ----    ----
   DATA SIZE        =   ----    ----
   IDATA SIZE       =   ----    ----
   BIT SIZE         =   ----    ----
END OF MODULE INFORMATION.


C51 COMPILATION COMPLETE.  0 WARNING(S),  0 ERROR(S)
